[    0.000000] Linux version 4.15.0-212-generic (buildd@lcy02-amd64-083) (gcc version 7.5.0 (Ubuntu 7.5.0-3ubuntu1~18.04)) #223-Ubuntu SMP Tue May 23 13:09:22 UTC 2023 (Ubuntu 4.15.0-212.223-generic 4.15.18)
[    0.000000] Command line: BOOT_IMAGE=/boot/vmlinuz-4.15.0-212-generic root=LABEL=cloudimg-rootfs ro console=tty1 console=ttyS0
[    0.000000] KERNEL supported cpus:
[    0.000000]   Intel GenuineIntel
[    0.000000]   AMD AuthenticAMD
[    0.000000]   Centaur CentaurHauls
[    0.000000] x86/fpu: Supporting XSAVE feature 0x001: 'x87 floating point registers'
[    0.000000] x86/fpu: Supporting XSAVE feature 0x002: 'SSE registers'
[    0.000000] x86/fpu: Supporting XSAVE feature 0x004: 'AVX registers'
[    0.000000] x86/fpu: xstate_offset[2]:  576, xstate_sizes[2]:  256
[    0.000000] x86/fpu: Enabled xstate features 0x7, context size is 832 bytes, using 'standard' format.
[    0.000000] e820: BIOS-provided physical RAM map:
[    0.000000] BIOS-e820: [mem 0x0000000000000000-0x000000000009fbff] usable
[    0.000000] BIOS-e820: [mem 0x000000000009fc00-0x000000000009ffff] reserved
[    0.000000] BIOS-e820: [mem 0x00000000000f0000-0x00000000000fffff] reserved
[    0.000000] BIOS-e820: [mem 0x0000000000100000-0x00000000dffeffff] usable
[    0.000000] BIOS-e820: [mem 0x00000000dfff0000-0x00000000dfffffff] ACPI data
[    0.000000] BIOS-e820: [mem 0x00000000fec00000-0x00000000fec00fff] reserved
[    0.000000] BIOS-e820: [mem 0x00000000fee00000-0x00000000fee00fff] reserved
[    0.000000] BIOS-e820: [mem 0x00000000fffc0000-0x00000000ffffffff] reserved
[    0.000000] BIOS-e820: [mem 0x0000000100000000-0x000000011fffffff] usable
[    0.000000] NX (Execute Disable) protection: active
[    0.000000] SMBIOS 2.5 present.
[    0.000000] DMI: innotek GmbH VirtualBox/VirtualBox, BIOS VirtualBox 12/01/2006
[    0.000000] Hypervisor detected: KVM
[    0.000000] e820: last_pfn = 0x120000 max_arch_pfn = 0x400000000
[    0.000000] MTRR: Disabled
[    0.000000] x86/PAT: MTRRs disabled, skipping PAT initialization too.
[    0.000000] CPU MTRRs all blank - virtualized system.
[    0.000000] x86/PAT: Configuration [0-7]: WB  WT  UC- UC  WB  WT  UC- UC  
[    0.000000] e820: last_pfn = 0xdfff0 max_arch_pfn = 0x400000000
[    0.000000] found SMP MP-table at [mem 0x0009fff0-0x0009ffff]
[    0.000000] Scanning 1 areas for low memory corruption
[    0.000000] RAMDISK: [mem 0x359cb000-0x36cdcfff]
[    0.000000] ACPI: Early table checksum verification disabled
[    0.000000] ACPI: RSDP 0x00000000000E0000 000024 (v02 VBOX  )
[    0.000000] ACPI: XSDT 0x00000000DFFF0030 00003C (v01 VBOX   VBOXXSDT 00000001 ASL  00000061)
[    0.000000] ACPI: FACP 0x00000000DFFF00F0 0000F4 (v04 VBOX   VBOXFACP 00000001 ASL  00000061)
[    0.000000] ACPI: DSDT 0x00000000DFFF0610 002353 (v02 VBOX   VBOXBIOS 00000002 INTL 20230628)
[    0.000000] ACPI: FACS 0x00000000DFFF0200 000040
[    0.000000] ACPI: FACS 0x00000000DFFF0200 000040
[    0.000000] ACPI: APIC 0x00000000DFFF0240 00005C (v02 VBOX   VBOXAPIC 00000001 ASL  00000061)
[    0.000000] ACPI: SSDT 0x00000000DFFF02A0 00036C (v01 VBOX   VBOXCPUT 00000002 INTL 20230628)
[    0.000000] ACPI: Reserving FACP table memory at [mem 0xdfff00f0-0xdfff01e3]
[    0.000000] ACPI: Reserving DSDT table memory at [mem 0xdfff0610-0xdfff2962]
[    0.000000] ACPI: Reserving FACS table memory at [mem 0xdfff0200-0xdfff023f]
[    0.000000] ACPI: Reserving FACS table memory at [mem 0xdfff0200-0xdfff023f]
[    0.000000] ACPI: Reserving APIC table memory at [mem 0xdfff0240-0xdfff029b]
[    0.000000] ACPI: Reserving SSDT table memory at [mem 0xdfff02a0-0xdfff060b]
[    0.000000] No NUMA configuration found
[    0.000000] Faking a node at [mem 0x0000000000000000-0x000000011fffffff]
[    0.000000] NODE_DATA(0) allocated [mem 0x11ffd1000-0x11fffbfff]
[    0.000000] kvm-clock: cpu 0, msr 1:1ff50001, primary cpu clock
[    0.000000] kvm-clock: Using msrs 4b564d01 and 4b564d00
[    0.000000] kvm-clock: using sched offset of 2895210302 cycles
[    0.000000] clocksource: kvm-clock: mask: 0xffffffffffffffff max_cycles: 0x1cd42e4dffb, max_idle_ns: 881590591483 ns
[    0.000000] Zone ranges:
[    0.000000]   DMA      [mem 0x0000000000001000-0x0000000000ffffff]
[    0.000000]   DMA32    [mem 0x0000000001000000-0x00000000ffffffff]
[    0.000000]   Normal   [mem 0x0000000100000000-0x000000011fffffff]
[    0.000000]   Device   empty
[    0.000000] Movable zone start for each node
[    0.000000] Early memory node ranges
[    0.000000]   node   0: [mem 0x0000000000001000-0x000000000009efff]
[    0.000000]   node   0: [mem 0x0000000000100000-0x00000000dffeffff]
[    0.000000]   node   0: [mem 0x0000000100000000-0x000000011fffffff]
[    0.000000] Reserved but unavailable: 104 pages
[    0.000000] Initmem setup node 0 [mem 0x0000000000001000-0x000000011fffffff]
[    0.000000] ACPI: PM-Timer IO Port: 0x4008
[    0.000000] IOAPIC[0]: apic_id 2, version 32, address 0xfec00000, GSI 0-23
[    0.000000] ACPI: INT_SRC_OVR (bus 0 bus_irq 0 global_irq 2 dfl dfl)
[    0.000000] ACPI: INT_SRC_OVR (bus 0 bus_irq 9 global_irq 9 low level)
[    0.000000] Using ACPI (MADT) for SMP configuration information
[    0.000000] smpboot: Allowing 2 CPUs, 0 hotplug CPUs
[    0.000000] PM: Registered nosave memory: [mem 0x00000000-0x00000fff]
[    0.000000] PM: Registered nosave memory: [mem 0x0009f000-0x0009ffff]
[    0.000000] PM: Registered nosave memory: [mem 0x000a0000-0x000effff]
[    0.000000] PM: Registered nosave memory: [mem 0x000f0000-0x000fffff]
[    0.000000] PM: Registered nosave memory: [mem 0xdfff0000-0xdfffffff]
[    0.000000] PM: Registered nosave memory: [mem 0xe0000000-0xfebfffff]
[    0.000000] PM: Registered nosave memory: [mem 0xfec00000-0xfec00fff]
[    0.000000] PM: Registered nosave memory: [mem 0xfec01000-0xfedfffff]
[    0.000000] PM: Registered nosave memory: [mem 0xfee00000-0xfee00fff]
[    0.000000] PM: Registered nosave memory: [mem 0xfee01000-0xfffbffff]
[    0.000000] PM: Registered nosave memory: [mem 0xfffc0000-0xffffffff]
[    0.000000] e820: [mem 0xe0000000-0xfebfffff] available for PCI devices
[    0.000000] Booting paravirtualized kernel on KVM
[    0.000000] clocksource: refined-jiffies: mask: 0xffffffff max_cycles: 0xffffffff, max_idle_ns: 7645519600211568 ns
[    0.000000] setup_percpu: NR_CPUS:8192 nr_cpumask_bits:2 nr_cpu_ids:2 nr_node_ids:1
[    0.000000] percpu: Embedded 50 pages/cpu s167936 r8192 d28672 u1048576
[    0.000000] PV qspinlock hash table entries: 256 (order: 0, 4096 bytes)
[    0.000000] Built 1 zonelists, mobility grouping on.  Total pages: 1032057
[    0.000000] Policy zone: Normal
[    0.000000] Kernel command line: BOOT_IMAGE=/boot/vmlinuz-4.15.0-212-generic root=LABEL=cloudimg-rootfs ro console=tty1 console=ttyS0
[    0.000000] Memory: 4013252K/4193848K available (12300K kernel code, 2477K rwdata, 4324K rodata, 2480K init, 2720K bss, 180596K reserved, 0K cma-reserved)
[    0.000000] SLUB: HWalign=64, Order=0-3, MinObjects=0, CPUs=2, Nodes=1
[    0.000000] Kernel/User page tables isolation: enabled
[    0.000000] ftrace: allocating 39508 entries in 155 pages
[    0.004000] Hierarchical RCU implementation.
[    0.004000] 	RCU restricting CPUs from NR_CPUS=8192 to nr_cpu_ids=2.
[    0.004000] 	Tasks RCU enabled.
[    0.004000] RCU: Adjusting geometry for rcu_fanout_leaf=16, nr_cpu_ids=2
[    0.004000] NR_IRQS: 524544, nr_irqs: 440, preallocated irqs: 16
[    0.004000] random: crng init done
[    0.004000] Console: colour VGA+ 80x25
[    0.004000] console [tty1] enabled
[    0.004000] console [ttyS0] enabled
[    0.004000] ACPI: Core revision 20170831
[    0.004000] ACPI: 2 ACPI AML tables successfully acquired and loaded
[    0.004000] APIC: Switch to symmetric I/O mode setup
[    0.004000] x2apic enabled
[    0.004000] Switched APIC routing to physical x2apic.
[    0.004000] ..TIMER: vector=0x30 apic1=0 pin1=2 apic2=-1 pin2=-1
[    0.004000] tsc: Detected 2496.004 MHz processor
[    0.004000] Calibrating delay loop (skipped) preset value.. 4992.00 BogoMIPS (lpj=9984016)
[    0.004000] pid_max: default: 32768 minimum: 301
[    0.004000] Security Framework initialized
[    0.004000] Yama: becoming mindful.
[    0.004000] AppArmor: AppArmor initialized
[    0.004000] Dentry cache hash table entries: 524288 (order: 10, 4194304 bytes)
[    0.004000] Inode-cache hash table entries: 262144 (order: 9, 2097152 bytes)
[    0.004000] Mount-cache hash table entries: 8192 (order: 4, 65536 bytes)
[    0.004000] Mountpoint-cache hash table entries: 8192 (order: 4, 65536 bytes)
[    0.004000] Last level iTLB entries: 4KB 64, 2MB 8, 4MB 8
[    0.004003] Last level dTLB entries: 4KB 64, 2MB 0, 4MB 0, 1GB 4
[    0.004640] Spectre V1 : Mitigation: usercopy/swapgs barriers and __user pointer sanitization
[    0.005544] Spectre V2 : Mitigation: Retpolines
[    0.006046] Spectre V2 : Spectre v2 / SpectreRSB mitigation: Filling RSB on context switch
[    0.006918] Spectre V2 : Spectre v2 / SpectreRSB : Filling RSB on VMEXIT
[    0.008002] RETBleed: WARNING: Spectre v2 mitigation leaves CPU vulnerable to RETBleed attacks, data leaks possible!
[    0.009098] RETBleed: Vulnerable
[    0.009471] Speculative Store Bypass: Vulnerable
[    0.010015] MDS: Mitigation: Clear CPU buffers
[    0.010510] MMIO Stale Data: Mitigation: Clear CPU buffers
[    0.012002] SRBDS: Unknown: Dependent on hypervisor status
[    0.012674] Freeing SMP alternatives memory: 36K
[    0.124490] smpboot: CPU0: Intel(R) Core(TM) i5-10300H CPU @ 2.50GHz (family: 0x6, model: 0xa5, stepping: 0x2)
[    0.125640] Performance Events: unsupported p6 CPU model 165 no PMU driver, software events only.
[    0.126624] Hierarchical SRCU implementation.
[    0.127485] NMI watchdog: Perf event create on CPU 0 failed with -2
[    0.128000] NMI watchdog: Perf NMI watchdog permanently disabled
[    0.128027] smp: Bringing up secondary CPUs ...
[    0.128646] x86: Booting SMP configuration:
[    0.129087] .... node  #0, CPUs:      #1
[    0.004000] kvm-clock: cpu 1, msr 1:1ff50041, secondary cpu clock
[    0.132013] smp: Brought up 1 node, 2 CPUs
[    0.132511] smpboot: Max logical packages: 1
[    0.132961] smpboot: Total of 2 processors activated (9984.01 BogoMIPS)
[    0.133815] devtmpfs: initialized
[    0.133815] x86/mm: Memory block size: 128MB
[    0.133815] evm: security.selinux
[    0.133815] evm: security.SMACK64
[    0.136002] evm: security.SMACK64EXEC
[    0.136438] evm: security.SMACK64TRANSMUTE
[    0.136878] evm: security.SMACK64MMAP
[    0.137271] evm: security.apparmor
[    0.137645] evm: security.ima
[    0.138030] evm: security.capability
[    0.138464] clocksource: jiffies: mask: 0xffffffff max_cycles: 0xffffffff, max_idle_ns: 7645041785100000 ns
[    0.138464] futex hash table entries: 512 (order: 3, 32768 bytes)
[    0.140034] pinctrl core: initialized pinctrl subsystem
[    0.140908] RTC time:  3:23:20, date: 10/26/23
[    0.141616] NET: Registered protocol family 16
[    0.142320] audit: initializing netlink subsys (disabled)
[    0.143029] audit: type=2000 audit(1698290605.001:1): state=initialized audit_enabled=0 res=1
[    0.144007] cpuidle: using governor ladder
[    0.144487] cpuidle: using governor menu
[    0.144953] ACPI: bus type PCI registered
[    0.145439] acpiphp: ACPI Hot Plug PCI Controller Driver version: 0.5
[    0.146168] PCI: Using configuration type 1 for base access
[    0.148150] HugeTLB registered 2.00 MiB page size, pre-allocated 0 pages
[    0.148723] ACPI: Added _OSI(Module Device)
[    0.148723] ACPI: Added _OSI(Processor Device)
[    0.149028] ACPI: Added _OSI(3.0 _SCP Extensions)
[    0.149522] ACPI: Added _OSI(Processor Aggregator Device)
[    0.150092] ACPI: Added _OSI(Linux-Dell-Video)
[    0.150569] ACPI: Added _OSI(Linux-Lenovo-NV-HDMI-Audio)
[    0.152002] ACPI: Added _OSI(Linux-HPI-Hybrid-Graphics)
[    0.152738] ACPI: Executed 1 blocks of module-level executable AML code
[    0.155567] ACPI: Interpreter enabled
[    0.156008] ACPI: (supports S0 S5)
[    0.156834] ACPI: Using IOAPIC for interrupt routing
[    0.157548] PCI: Using host bridge windows from ACPI; if necessary, use "pci=nocrs" and report a bug
[    0.158597] ACPI: Enabled 2 GPEs in block 00 to 07
[    0.162919] ACPI: PCI Root Bridge [PCI0] (domain 0000 [bus 00-ff])
[    0.163604] acpi PNP0A03:00: _OSC: OS supports [ASPM ClockPM Segments MSI]
[    0.164331] acpi PNP0A03:00: _OSC: not requesting OS control; OS requires [ExtendedConfig ASPM ClockPM MSI]
[    0.165313] acpi PNP0A03:00: fail to add MMCONFIG information, can't access extended PCI configuration space under this bridge.
[    0.166624] PCI host bridge to bus 0000:00
[    0.167091] pci_bus 0000:00: root bus resource [io  0x0000-0x0cf7 window]
[    0.168002] pci_bus 0000:00: root bus resource [io  0x0d00-0xffff window]
[    0.168697] pci_bus 0000:00: root bus resource [mem 0x000a0000-0x000bffff window]
[    0.169499] pci_bus 0000:00: root bus resource [mem 0xe0000000-0xfdffffff window]
[    0.170248] pci_bus 0000:00: root bus resource [bus 00-ff]
[    0.171772] pci 0000:00:01.1: legacy IDE quirk: reg 0x10: [io  0x01f0-0x01f7]
[    0.172001] pci 0000:00:01.1: legacy IDE quirk: reg 0x14: [io  0x03f6]
[    0.172651] pci 0000:00:01.1: legacy IDE quirk: reg 0x18: [io  0x0170-0x0177]
[    0.173743] pci 0000:00:01.1: legacy IDE quirk: reg 0x1c: [io  0x0376]
[    0.200694] pci 0000:00:07.0: quirk: [io  0x4000-0x403f] claimed by PIIX4 ACPI
[    0.201557] pci 0000:00:07.0: quirk: [io  0x4100-0x410f] claimed by PIIX4 SMB
[    0.218172] ACPI: PCI Interrupt Link [LNKA] (IRQs 5 9 10 *11)
[    0.219047] ACPI: PCI Interrupt Link [LNKB] (IRQs 5 9 *10 11)
[    0.220070] ACPI: PCI Interrupt Link [LNKC] (IRQs 5 *9 10 11)
[    0.220770] ACPI: PCI Interrupt Link [LNKD] (IRQs 5 9 10 *11)
[    0.221572] SCSI subsystem initialized
[    0.222029] pci 0000:00:02.0: vgaarb: setting as boot VGA device
[    0.222029] pci 0000:00:02.0: vgaarb: VGA device added: decodes=io+mem,owns=io+mem,locks=none
[    0.224007] pci 0000:00:02.0: vgaarb: bridge control possible
[    0.224628] vgaarb: loaded
[    0.224992] ACPI: bus type USB registered
[    0.225622] usbcore: registered new interface driver usbfs
[    0.226400] usbcore: registered new interface driver hub
[    0.227319] usbcore: registered new device driver usb
[    0.228055] EDAC MC: Ver: 3.0.0
[    0.228520] PCI: Using ACPI for IRQ routing
[    0.228656] NetLabel: Initializing
[    0.229056] NetLabel:  domain hash size = 128
[    0.229552] NetLabel:  protocols = UNLABELED CIPSOv4 CALIPSO
[    0.230259] NetLabel:  unlabeled traffic allowed by default
[    0.230880] clocksource: Switched to clocksource kvm-clock
[    0.235356] VFS: Disk quotas dquot_6.6.0
[    0.235895] VFS: Dquot-cache hash table entries: 512 (order 0, 4096 bytes)
[    0.236037] AppArmor: AppArmor Filesystem Enabled
[    0.236037] pnp: PnP ACPI init
[    0.236037] pnp: PnP ACPI: found 3 devices
[    0.245345] clocksource: acpi_pm: mask: 0xffffff max_cycles: 0xffffff, max_idle_ns: 2085701024 ns
[    0.246531] NET: Registered protocol family 2
[    0.247158] IP idents hash table entries: 65536 (order: 7, 524288 bytes)
[    0.248400] TCP established hash table entries: 32768 (order: 6, 262144 bytes)
[    0.249386] TCP bind hash table entries: 32768 (order: 7, 524288 bytes)
[    0.250278] TCP: Hash tables configured (established 32768 bind 32768)
[    0.251193] UDP hash table entries: 2048 (order: 4, 65536 bytes)
[    0.251941] UDP-Lite hash table entries: 2048 (order: 4, 65536 bytes)
[    0.252887] NET: Registered protocol family 1
[    0.253467] pci 0000:00:00.0: Limiting direct PCI/PCI transfers
[    0.254241] pci 0000:00:01.0: Activating ISA DMA hang workarounds
[    0.254957] pci 0000:00:02.0: Video device with shadowed ROM at [mem 0x000c0000-0x000dffff]
[    0.256024] Unpacking initramfs...
[    0.256848] Freeing initrd memory: 19528K
[    0.256848] PCI-DMA: Using software bounce buffering for IO (SWIOTLB)
[    0.256848] software IO TLB: mapped [mem 0xdbff0000-0xdfff0000] (64MB)
[    0.256848] clocksource: tsc: mask: 0xffffffffffffffff max_cycles: 0x23fa7af7c80, max_idle_ns: 440795241955 ns
[    0.256848] platform rtc_cmos: registered platform RTC device (no PNP device found)
[    0.256848] Scanning for low memory corruption every 60 seconds
[    0.465469] Initialise system trusted keyrings
[    0.465980] Key type blacklist registered
[    0.466525] workingset: timestamp_bits=36 max_order=20 bucket_order=0
[    0.467765] zbud: loaded
[    0.468519] squashfs: version 4.0 (2009/01/31) Phillip Lougher
[    0.469209] fuse init (API version 7.26)
[    0.470599] Key type asymmetric registered
[    0.471059] Asymmetric key parser 'x509' registered
[    0.471599] Block layer SCSI generic (bsg) driver version 0.4 loaded (major 246)
[    0.472511] io scheduler noop registered
[    0.472913] io scheduler deadline registered
[    0.473400] io scheduler cfq registered (default)
[    0.474089] ACPI: AC Adapter [AC] (on-line)
[    0.474578] input: Power Button as /devices/LNXSYSTM:00/LNXPWRBN:00/input/input0
[    0.475398] ACPI: Power Button [PWRF]
[    0.475854] input: Sleep Button as /devices/LNXSYSTM:00/LNXSLPBN:00/input/input1
[    0.476652] ACPI: Sleep Button [SLPF]
[    0.477680] ACPI: Battery Slot [BAT0] (battery present)
[    0.478252] Serial: 8250/16550 driver, 32 ports, IRQ sharing enabled
[    0.499228] 00:02: ttyS0 at I/O 0x3f8 (irq = 4, base_baud = 115200) is a 16550A
[    0.501553] Linux agpgart interface v0.103
[    0.502896] loop: module loaded
[    0.503589] scsi host0: ata_piix
[    0.504020] scsi host1: ata_piix
[    0.504421] ata1: PATA max UDMA/33 cmd 0x1f0 ctl 0x3f6 bmdma 0xd000 irq 14
[    0.505107] ata2: PATA max UDMA/33 cmd 0x170 ctl 0x376 bmdma 0xd008 irq 15
[    0.505846] tun: Universal TUN/TAP device driver, 1.6
[    0.506420] PPP generic driver version 2.4.2
[    0.506931] ehci_hcd: USB 2.0 'Enhanced' Host Controller (EHCI) Driver
[    0.507598] ehci-pci: EHCI PCI platform driver
[    0.508123] ehci-platform: EHCI generic platform driver
[    0.508655] ohci_hcd: USB 1.1 'Open' Host Controller (OHCI) Driver
[    0.509267] ohci-pci: OHCI PCI platform driver
[    0.509741] ohci-platform: OHCI generic platform driver
[    0.510297] uhci_hcd: USB Universal Host Controller Interface driver
[    0.510980] i8042: PNP: PS/2 Controller [PNP0303:PS2K,PNP0f03:PS2M] at 0x60,0x64 irq 1,12
[    0.512177] serio: i8042 KBD port at 0x60,0x64 irq 1
[    0.512725] serio: i8042 AUX port at 0x60,0x64 irq 12
[    0.513398] mousedev: PS/2 mouse device common for all mice
[    0.514289] input: AT Translated Set 2 keyboard as /devices/platform/i8042/serio0/input/input2
[    0.515263] rtc_cmos rtc_cmos: rtc core: registered rtc_cmos as rtc0
[    0.515925] rtc_cmos rtc_cmos: alarms up to one day, 114 bytes nvram
[    0.516586] i2c /dev entries driver
[    0.517019] device-mapper: uevent: version 1.0.3
[    0.517578] device-mapper: ioctl: 4.37.0-ioctl (2017-09-20) initialised: dm-devel@redhat.com
[    0.518469] ledtrig-cpu: registered to indicate activity on CPUs
[    0.519307] NET: Registered protocol family 10
[    0.522068] Segment Routing with IPv6
[    0.522502] NET: Registered protocol family 17
[    0.523023] Key type dns_resolver registered
[    0.523666] mce: Using 0 MCE banks
[    0.524081] RAS: Correctable Errors collector initialized.
[    0.524678] sched_clock: Marking stable (524072693, 0)->(650601696, -126529003)
[    0.525649] registered taskstats version 1
[    0.526116] Loading compiled-in X.509 certificates
[    0.527879] Loaded X.509 cert 'Build time autogenerated kernel key: b5b26778eaa3ab3a4a6cee031137706e947d12ad'
[    0.529309] Loaded X.509 cert 'Canonical Ltd. Live Patch Signing: 14df34d1a87cf37625abec039ef2bf521249b969'
[    0.530679] Loaded X.509 cert 'Canonical Ltd. Kernel Module Signing: 88f752e560a1e0737e31163a466ad7b70a850c19'
[    0.531681] blacklist: Loading compiled-in revocation X.509 certificates
[    0.532387] Loaded X.509 cert 'Canonical Ltd. Secure Boot Signing: 61482aa2830d0ab2ad5af10b7250da9033ddcef0'
[    0.533396] Loaded X.509 cert 'Canonical Ltd. Secure Boot Signing (2017): 242ade75ac4a15e50d50c84b0d45ff3eae707a03'
[    0.534425] Loaded X.509 cert 'Canonical Ltd. Secure Boot Signing (ESM 2018): 365188c1d374d6b07c3c8f240f8ef722433d6a8b'
[    0.535509] Loaded X.509 cert 'Canonical Ltd. Secure Boot Signing (2019): c0746fd6c5da3ae827864651ad66ae47fe24b3e8'
[    0.536580] Loaded X.509 cert 'Canonical Ltd. Secure Boot Signing (2021 v1): a8d54bbb3825cfb94fa13c9f8a594a195c107b8d'
[    0.537667] Loaded X.509 cert 'Canonical Ltd. Secure Boot Signing (2021 v2): 4cf046892d6fd3c9a5b03f98d845f90851dc6a8c'
[    0.538695] Loaded X.509 cert 'Canonical Ltd. Secure Boot Signing (2021 v3): 100437bb6de6e469b581e61cd66bce3ef4ed53af'
[    0.539724] Loaded X.509 cert 'Canonical Ltd. Secure Boot Signing (Ubuntu Core 2019): c1d57b8f6b743f23ee41f4f7ee292f06eecadfb9'
[    0.540871] zswap: loaded using pool lzo/zbud
[    0.543167] Key type big_key registered
[    0.543572] Key type trusted registered
[    0.544854] Key type encrypted registered
[    0.545329] AppArmor: AppArmor sha1 policy hashing enabled
[    0.545867] ima: No TPM chip found, activating TPM-bypass! (rc=-19)
[    0.546499] ima: Allocated hash algorithm: sha1
[    0.546961] evm: HMAC attrs: 0x1
[    0.547433]   Magic number: 11:118:362
[    0.547907] rtc_cmos rtc_cmos: setting system clock to 2023-10-26 03:23:20 UTC (1698290600)
[    0.548855] BIOS EDD facility v0.16 2004-Jun-25, 0 devices found
[    0.549511] EDD information not available.
[    0.701667] Freeing unused kernel image memory: 2480K
[    0.905628] Write protecting the kernel read-only data: 20480k
[    0.910363] Freeing unused kernel image memory: 2008K
[    0.913689] Freeing unused kernel image memory: 1820K
[    0.922933] x86/mm: Checked W+X mappings: passed, no W+X pages found.
[    0.923610] x86/mm: Checking user space page tables
[    0.930549] x86/mm: Checked W+X mappings: passed, no W+X pages found.
Loading, please wait...
starting version 237
[    0.970480] e1000: Intel(R) PRO/1000 Network Driver - version 7.3.21-k8-NAPI
[    0.971329] e1000: Copyright (c) 1999-2006 Intel Corporation.
[    0.975291] Fusion MPT base driver 3.04.20
[    0.975870] Copyright (c) 1999-2008 LSI Corporation
[    0.985905] AVX2 version of gcm_enc/dec engaged.
[    0.986531] AES CTR mode by8 optimization enabled
[    0.988074] Fusion MPT SPI Host driver 3.04.20
[    1.181431] input: ImExPS/2 Generic Explorer Mouse as /devices/platform/i8042/serio1/input/input4
[    1.311242] e1000 0000:00:03.0 eth0: (PCI:33MHz:32-bit) 02:3b:7b:b7:3b:2d
[    1.312172] e1000 0000:00:03.0 eth0: Intel(R) PRO/1000 Network Connection
[    1.313765] mptbase: ioc0: Initiating bringup
[    2.771784] ioc0: LSI53C1030 A0: Capabilities={Initiator}
[    4.969599] scsi host2: ioc0: LSI53C1030 A0, FwRev=00000000h, Ports=1, MaxQ=256, IRQ=20
[    6.871188] scsi 2:0:0:0: Direct-Access     VBOX     HARDDISK         1.0  PQ: 0 ANSI: 5
[    6.915653] scsi target2:0:0: Beginning Domain Validation
[    6.997932] scsi target2:0:0: Domain Validation skipping write tests
[    6.998733] scsi target2:0:0: Ending Domain Validation
[    6.999356] scsi target2:0:0: asynchronous
[    7.003822] scsi 2:0:1:0: Direct-Access     VBOX     HARDDISK         1.0  PQ: 0 ANSI: 5
[    7.204088] scsi target2:0:1: Beginning Domain Validation
[    7.205536] scsi target2:0:1: Domain Validation skipping write tests
[    7.206230] scsi target2:0:1: Ending Domain Validation
[    7.206829] scsi target2:0:1: asynchronous
[    7.209803] sd 2:0:0:0: [sda] 83886080 512-byte logical blocks: (42.9 GB/40.0 GiB)
[    7.210701] sd 2:0:0:0: Attached scsi generic sg0 type 0
[    7.211311] sd 2:0:0:0: [sda] Write Protect is off
[    7.211957] sd 2:0:0:0: [sda] Incomplete mode parameter data
[    7.212586] sd 2:0:0:0: [sda] Assuming drive cache: write through
[    7.213797] sd 2:0:1:0: [sdb] 20480 512-byte logical blocks: (10.5 MB/10.0 MiB)
[    7.214633] sd 2:0:1:0: Attached scsi generic sg1 type 0
[    7.215229] sd 2:0:1:0: [sdb] Write Protect is off
[    7.215982] sd 2:0:1:0: [sdb] Incomplete mode parameter data
[    7.216623] sd 2:0:1:0: [sdb] Assuming drive cache: write through
[    7.217922]  sda: sda1
[    7.218621] sd 2:0:0:0: [sda] Attached SCSI disk
[    7.219693] sd 2:0:1:0: [sdb] Attached SCSI disk
[    7.232461] e1000 0000:00:08.0 eth1: (PCI:33MHz:32-bit) 08:00:27:54:d6:b9
[    7.233358] e1000 0000:00:08.0 eth1: Intel(R) PRO/1000 Network Connection
[    7.234985] e1000 0000:00:03.0 enp0s3: renamed from eth0
[    7.252815] e1000 0000:00:08.0 enp0s8: renamed from eth1
Begin: Loading essential drivers ... [    8.632092] raid6: sse2x1   gen() 14477 MB/s
[    8.680050] raid6: sse2x1   xor()  8413 MB/s
[    8.728080] raid6: sse2x2   gen() 17596 MB/s
[    8.776049] raid6: sse2x2   xor() 10761 MB/s
[    8.824080] raid6: sse2x4   gen() 17313 MB/s
[    8.872084] raid6: sse2x4   xor() 11526 MB/s
[    8.920079] raid6: avx2x1   gen() 30004 MB/s
[    8.968073] raid6: avx2x1   xor() 15387 MB/s
[    9.016084] raid6: avx2x2   gen() 34746 MB/s
[    9.064078] raid6: avx2x2   xor() 22593 MB/s
[    9.112078] raid6: avx2x4   gen() 38284 MB/s
[    9.160079] raid6: avx2x4   xor() 24015 MB/s
[    9.160575] raid6: using algorithm avx2x4 gen() 38284 MB/s
[    9.161134] raid6: .... xor() 24015 MB/s, rmw enabled
[    9.161658] raid6: using avx2x2 recovery algorithm
[    9.163201] xor: automatically using best checksumming function   avx       
[    9.164766] async_tx: api initialized (async)
done.
Begin: Running /scripts/init-premount ... done.
Begin: Mounting root file system ... Begin: Running /scripts/local-top ... done.
Begin: Running /scripts/local-premount ... [    9.194037] Btrfs loaded, crc32c=crc32c-intel
Scanning for Btrfs filesystems
done.
Warning: fsck not present, so skipping root file system
[    9.233532] EXT4-fs (sda1): mounted filesystem with ordered data mode. Opts: (null)
done.
Begin: Running /scripts/local-bottom ... done.
Begin: Running /scripts/init-bottom ... done.
[    9.356561] ip_tables: (C) 2000-2006 Netfilter Core Team
[    9.361654] systemd[1]: systemd 237 running in system mode. (+PAM +AUDIT +SELINUX +IMA +APPARMOR +SMACK +SYSVINIT +UTMP +LIBCRYPTSETUP +GCRYPT +GNUTLS +ACL +XZ +LZ4 +SECCOMP +BLKID +ELFUTILS +KMOD -IDN2 +IDN -PCRE2 default-hierarchy=hybrid)
[    9.363738] systemd[1]: Detected virtualization oracle.
[    9.364312] systemd[1]: Detected architecture x86-64.

Welcome to [1mUbuntu 18.04.6 LTS[0m!

[    9.367401] systemd[1]: Set hostname to <ubuntu>.
[    9.369236] systemd[1]: Initializing machine ID from random generator.
[    9.369908] systemd[1]: Installed transient /etc/machine-id file.
[    9.625936] systemd[1]: Started Forward Password Requests to Wall Directory Watch.
[[0;32m  OK  [0m] Started Forward Password Requests to Wall Directory Watch.
[    9.627440] systemd[1]: Reached target Swap.
[[0;32m  OK  [0m] Reached target Swap.
[    9.628368] systemd[1]: Reached target User and Group Name Lookups.
[[0;32m  OK  [0m] Reached target User and Group Name Lookups.
[    9.629721] systemd[1]: Set up automount Arbitrary Executable File Formats File System Automount Point.
[[0;32m  OK  [0m] Set up automount Arbitrary Executab…rmats File System Automount Point.
[[0;32m  OK  [0m] Created slice System Slice.
[[0;32m  OK  [0m] Listening on Syslog Socket.
[[0;32m  OK  [0m] Listening on /dev/initctl Compatibility Named Pipe.
[[0;32m  OK  [0m] Listening on udev Control Socket.
[[0;32m  OK  [0m] Listening on Journal Audit Socket.
[[0;32m  OK  [0m] Listening on LVM2 poll daemon socket.
[[0;32m  OK  [0m] Listening on Journal Socket (/dev/log).
[[0;32m  OK  [0m] Listening on Network Service Netlink Socket.
[[0;32m  OK  [0m] Listening on LVM2 metadata daemon socket.
[[0;32m  OK  [0m] Created slice system-serial\x2dgetty.slice.
[[0;32m  OK  [0m] Listening on Device-mapper event daemon FIFOs.
[[0;32m  OK  [0m] Reached target Mounting snaps.
[[0;32m  OK  [0m] Listening on udev Kernel Socket.
[[0;32m  OK  [0m] Reached target System Time Synchronized.
[[0;32m  OK  [0m] Reached target Mounted snaps.
[[0;32m  OK  [0m] Listening on fsck to fsckd communication Socket.
[[0;32m  OK  [0m] Listening on Journal Socket.
         Starting Set the console keyboard layout...
         Starting Uncomplicated firewall...
         Mounting Kernel Debug File System...
         Starting Monitoring of LVM2 mirrors…ng dmeventd or progress polling...
         Starting Create list of required st…ce nodes for the current kernel...
         Mounting Huge Pages File System...
         Starting Journal Service...
         Starting Load Kernel Modules...
         Starting File System Check on Root Device...
         Mounting POSIX Message Queue File System...
         Starting udev Coldplug all Devices...
[[0;32m  OK  [0m] Created slice User and Session Slice.
[[0;32m  OK  [0m] Reached target Slices.
[[0;32m  OK  [0m] Started Uncomplicated firewall.
[[0;32m  OK  [0m] Started Create list of required sta…vice nodes for the current kernel.
[[0;32m  OK  [0m] Started LVM2 metadata daemon.
         Starting Create Static Device Nodes in /dev...
[[0;32m  OK  [0m] Started Journal Service.
[[0;32m  OK  [0m] Mounted Kernel Debug File System.
[[0;32m  OK  [0m] Mounted POSIX Message Queue File System.
[[0;32m  OK  [0m] Mounted Huge Pages File System.
[    9.721919] Loading iSCSI transport class v2.0-870.
[    9.726508] iscsi: registered transport (tcp)
[    9.737474] iscsi: registered transport (iser)
[[0;32m  OK  [0m] Started Load Kernel Modules.
         Starting Apply Kernel Variables...
         Mounting Kernel Configuration File System...
         Mounting FUSE Control File System...
[[0;32m  OK  [0m] Started File System Check Daemon to report status.
[[0;32m  OK  [0m] Mounted Kernel Configuration File System.
[[0;32m  OK  [0m] Mounted FUSE Control File System.
[[0;32m  OK  [0m] Started Create Static Device Nodes in /dev.
[[0;32m  OK  [0m] Started udev Coldplug all Devices.
[[0;32m  OK  [0m] Started Monitoring of LVM2 mirrors,…sing dmeventd or progress polling.
[[0;32m  OK  [0m] Started Apply Kernel Variables.
[[0;32m  OK  [0m] Started File System Check on Root Device.
         Starting Remount Root and Kernel File Systems...
[[0;32m  OK  [0m] Started Remount Root and Kernel File Systems.
         Starting Flush Journal to Persistent Storage...
         Starting Load/Save Random Seed...
         Starting udev Kernel Device Manager...
[[0;32m  OK  [0m] Started Load/Save Random Seed.
[[0;32m  OK  [0m] Started udev Kernel Device Manager.
[[0;32m  OK  [0m] Started Flush Journal to Persistent Storage.
[[0;32m  OK  [0m] Found device /dev/ttyS0.
[[0;32m  OK  [0m] Listening on Load/Save RF Kill Switch Status /dev/rfkill Watch.
         Mounting Arbitrary Executable File Formats File System...
[[0;32m  OK  [0m] Mounted Arbitrary Executable File Formats File System.
[[0;32m  OK  [0m] Started Set the console keyboard layout.
[[0;32m  OK  [0m] Reached target Local File Systems (Pre).
[[0;32m  OK  [0m] Reached target Local File Systems.
         Starting Set console font and keymap...
         Starting Commit a transient machine-id on disk...
         Starting ebtables ruleset management...
         Starting Tell Plymouth To Write Out Runtime Data...
         Starting AppArmor initialization...
         Starting Create Volatile Files and Directories...
[[0;32m  OK  [0m] Started Dispatch Password Requests to Console Directory Watch.
[[0;32m  OK  [0m] Reached target Local Encrypted Volumes.
[[0;32m  OK  [0m] Started Tell Plymouth To Write Out Runtime Data.
[[0;32m  OK  [0m] Started Create Volatile Files and Directories.
         Starting Update UTMP about System Boot/Shutdown...
[[0;32m  OK  [0m] Started Update UTMP about System Boot/Shutdown.
[[0;32m  OK  [0m] Started Commit a transient machine-id on disk.
[[0;32m  OK  [0m] Started ebtables ruleset management.
[[0;32m  OK  [0m] Started AppArmor initialization.
         Starting Initial cloud-init job (pre-networking)...
         Starting Load AppArmor profiles managed internally by snapd...
[[0;32m  OK  [0m] Started Load AppArmor profiles managed internally by snapd.
[[0;32m  OK  [0m] Started Set console font and keymap.
[   11.738320] cloud-init[844]: Cloud-init v. 23.1.2-0ubuntu0~18.04.1 running 'init-local' at Thu, 26 Oct 2023 03:23:31 +0000. Up 11.53 seconds.
[[0;32m  OK  [0m] Started Initial cloud-init job (pre-networking).
[[0;32m  OK  [0m] Reached target Network (Pre).
         Starting Network Service...
[[0;32m  OK  [0m] Started Network Service.
         Starting Network Name Resolution...
         Starting Wait for Network to be Configured...
[[0;32m  OK  [0m] Started Network Name Resolution.
[[0;32m  OK  [0m] Reached target Host and Network Name Lookups.
[[0;32m  OK  [0m] Reached target Network.
[[0;32m  OK  [0m] Started Wait for Network to be Configured.
         Starting Initial cloud-init job (metadata service crawler)...
[   13.991036] cloud-init[1025]: Cloud-init v. 23.1.2-0ubuntu0~18.04.1 running 'init' at Thu, 26 Oct 2023 03:23:33 +0000. Up 13.89 seconds.
[   13.992466] cloud-init[1025]: ci-info: ++++++++++++++++++++++++++++++++++++++Net device info+++++++++++++++++++++++++++++++++++++++
[   13.993197] cloud-init[1025]: ci-info: +--------+-------+----------------------------+---------------+--------+-------------------+
[   13.993961] cloud-init[1025]: ci-info: | Device |   Up  |          Address           |      Mask     | Scope  |     Hw-Address    |
[   13.994708] cloud-init[1025]: ci-info: +--------+-------+----------------------------+---------------+--------+-------------------+
[   13.995489] cloud-init[1025]: ci-info: | enp0s3 |  True |         10.0.2.15          | 255.255.255.0 | global | 02:3b:7b:b7:3b:2d |
[   13.996246] cloud-init[1025]: ci-info: | enp0s3 |  True | fe80::3b:7bff:feb7:3b2d/64 |       .       |  link  | 02:3b:7b:b7:3b:2d |
[   13.997008] cloud-init[1025]: ci-info: | enp0s8 | False |             .              |       .       |   .    | 08:00:27:54:d6:b9 |
[   13.997786] cloud-init[1025]: ci-info: |   lo   |  True |         127.0.0.1          |   255.0.0.0   |  host  |         .         |
[   13.998569] cloud-init[1025]: ci-info: |   lo   |  True |          ::1/128           |       .       |  host  |         .         |
[   13.999328] cloud-init[1025]: ci-info: +--------+-------+----------------------------+---------------+--------+-------------------+
[   14.000095] cloud-init[1025]: ci-info: ++++++++++++++++++++++++++++Route IPv4 info+++++++++++++++++++++++++++++
[   14.000797] cloud-init[1025]: ci-info: +-------+-------------+----------+-----------------+-----------+-------+
[   14.001467] cloud-init[1025]: ci-info: | Route | Destination | Gateway  |     Genmask     | Interface | Flags |
[   14.002161] cloud-init[1025]: ci-info: +-------+-------------+----------+-----------------+-----------+-------+
[   14.002831] cloud-init[1025]: ci-info: |   0   |   0.0.0.0   | 10.0.2.2 |     0.0.0.0     |   enp0s3  |   UG  |
[   14.003533] cloud-init[1025]: ci-info: |   1   |   10.0.2.0  | 0.0.0.0  |  255.255.255.0  |   enp0s3  |   U   |
[   14.004242] cloud-init[1025]: ci-info: |   2   |   10.0.2.2  | 0.0.0.0  | 255.255.255.255 |   enp0s3  |   UH  |
[   14.004932] cloud-init[1025]: ci-info: +-------+-------------+----------+-----------------+-----------+-------+
[   14.005708] cloud-init[1025]: ci-info: +++++++++++++++++++Route IPv6 info+++++++++++++++++++
[   14.006381] cloud-init[1025]: ci-info: +-------+-------------+---------+-----------+-------+
[   14.006957] cloud-init[1025]: ci-info: | Route | Destination | Gateway | Interface | Flags |
[   14.007498] cloud-init[1025]: ci-info: +-------+-------------+---------+-----------+-------+
[   14.008151] cloud-init[1025]: ci-info: |   1   |  fe80::/64  |    ::   |   enp0s3  |   U   |
[   14.008767] cloud-init[1025]: ci-info: |   3   |    local    |    ::   |   enp0s3  |   U   |
[   14.009333] cloud-init[1025]: ci-info: |   4   |   ff00::/8  |    ::   |   enp0s3  |   U   |
[   14.009895] cloud-init[1025]: ci-info: +-------+-------------+---------+-----------+-------+
[   14.626852] cloud-init[1025]: Generating public/private rsa key pair.
[   14.627324] cloud-init[1025]: Your identification has been saved in /etc/ssh/ssh_host_rsa_key.
[   14.628250] cloud-init[1025]: Your public key has been saved in /etc/ssh/ssh_host_rsa_key.pub.
[   14.629076] cloud-init[1025]: The key fingerprint is:
[   14.629684] cloud-init[1025]: SHA256:qG3TqmXLTSB4gVRHLrxNnW3HM1APpSQ1/ObdsVqV0bE root@ubuntu-bionic
[   14.630591] cloud-init[1025]: The key's randomart image is:
[   14.631176] cloud-init[1025]: +---[RSA 2048]----+
[   14.631831] cloud-init[1025]: |  ....o   o+*...o|
[   14.632449] cloud-init[1025]: | . o o . o =.= .o|
[   14.633023] cloud-init[1025]: |  . + o o o *..Eo|
[   14.633653] cloud-init[1025]: |   . * . . . ooo.|
[   14.634162] cloud-init[1025]: |  . + + S    o .=|
[   14.634704] cloud-init[1025]: |   . + o      .oo|
[   14.635239] cloud-init[1025]: |    . * o     o  |
[   14.635779] cloud-init[1025]: |     = *     .   |
[   14.636340] cloud-init[1025]: |    ..+ .        |
[   14.636876] cloud-init[1025]: +----[SHA256]-----+
[   14.637431] cloud-init[1025]: Generating public/private dsa key pair.
[   14.638090] cloud-init[1025]: Your identification has been saved in /etc/ssh/ssh_host_dsa_key.
[   14.638920] cloud-init[1025]: Your public key has been saved in /etc/ssh/ssh_host_dsa_key.pub.
[   14.639756] cloud-init[1025]: The key fingerprint is:
[   14.640340] cloud-init[1025]: SHA256:xNrCYBprNoyswCULAupJCHM9iixGoLhFA2r52NPvBX8 root@ubuntu-bionic
[   14.641135] cloud-init[1025]: The key's randomart image is:
[   14.641689] cloud-init[1025]: +---[DSA 1024]----+
[   14.642204] cloud-init[1025]: |B.+.             |
[   14.642731] cloud-init[1025]: |O=..o  .         |
[   14.643257] cloud-init[1025]: |@*ooo.  o        |
[   14.643778] cloud-init[1025]: |@BX=.o +         |
[   14.644335] cloud-init[1025]: |*BB+ .+.S        |
[   14.644846] cloud-init[1025]: |oo .. ..o        |
[   14.645343] cloud-init[1025]: |.      . o E     |
[   14.645820] cloud-init[1025]: |      . . .      |
[   14.646339] cloud-init[1025]: |       .         |
[   14.646845] cloud-init[1025]: +----[SHA256]-----+
[   14.647364] cloud-init[1025]: Generating public/private ecdsa key pair.
[   14.648008] cloud-init[1025]: Your identification has been saved in /etc/ssh/ssh_host_ecdsa_key.
[   14.648785] cloud-init[1025]: Your public key has been saved in /etc/ssh/ssh_host_ecdsa_key.pub.
[   14.649587] cloud-init[1025]: The key fingerprint is:
[   14.650153] cloud-init[1025]: SHA256:zIrd4zzkVsKofjBHMpoiLG79ufmzy+Jfws2tY3UP4sg root@ubuntu-bionic
[   14.650950] cloud-init[1025]: The key's randomart image is:
[   14.651523] cloud-init[1025]: +---[ECDSA 256]---+
[   14.652036] cloud-init[1025]: |                 |
[   14.652549] cloud-init[1025]: |                 |
[[0;32m  OK  [0m] Started Initial cloud-init job (metadata service crawler).
[   14.666325] cloud-init[1025]: [[0;32m  OK  [0m] Reached target System Initialization.
[[0;32m  OK  [0m] Listening on Open-iSCSI iscsid Socket.
[[0;32m  OK  [0m] Started Message of the Day.
[[0;32m  OK  [0m] Started Daily Cleanup of Temporary Directories.
|                 |
[[0;32m  OK  [0m] Started Discard unused blocks once a week.
[   14.668165] cloud-init[1025]: |    o .o         |
[[0;32m  OK  [0m] Started ACPI Events Check.
[   14.668950] cloud-init[1025]: |.  o + oS        |
[   14.669410]          Starting LXD - unix socket.
[[0;32m  OK  [0m] Started Daily apt download activities.
[[0;32m  OK  [0m] Started Daily apt upgrade and clean activities.
[[0;32m  OK  [0m] Listening on cloud-init hotplug hook socket.
[[0;32m  OK  [0m] Started Ubuntu Advantage Timer for running repeated jobs.
[[0;32m  OK  [0m] Reached target Timers.
[[0;32m  OK  [0m] Listening on UUID daemon activation socket.
         Starting Socket activation for snappy daemon.
[[0;32m  OK  [0m] Reached target Paths.
[[0;32m  OK  [0m] Listening on ACPID Listen Socket.
[[0;32m  OK  [0m] Listening on D-Bus System Message Bus Socket.
[[0;32m  OK  [0m] Reached target Network is Online.
cloud-init[1025]:          Starting Availability of block devices...
[[0;32m  OK  [0m] Reached target Remote File Systems (Pre).
[[0;32m  OK  [0m] Reached target Remote File Systems.
[[0;32m  OK  [0m] Reached target Cloud-config availability.
[[0;32m  OK  [0m] Listening on LXD - unix socket.
[[0;32m  OK  [0m] Listening on Socket activation for snappy daemon.
[[0;32m  OK  [0m] Reached target Sockets.
[[0;32m  OK  [0m] Reached target Basic System.
         Starting System Logging Service...
|+.o oo+o* oo o   |
         Starting Login Service...
         Starting Pollinate to seed the pseudo random number generator...
[[0;32m  OK  [0m] Started FUSE filesystem for LXC.
[[0;32m  OK  [0m] Started Deferred execution scheduler.
[   14.684383] cloud-init[1025]: |+.. .=o=+*+.o o  |[[0;32m  OK  [0m] Started Regular background program processing daemon.

         Starting Permit User Sessions...
[   14.687333] cloud-init[1025]: | o ...=+*E..   . |
[[0;32m  OK  [0m] Started irqbalance daemon.
[   14.688009] cloud-init[1025]: |.  .+B=BBo.      |
[   14.688465] cloud-init[1025]: +----[SHA256]-----+
[   14.689128] cloud-init[1025]: Generating public/private ed25519 key pair.
[   14.689685] cloud-init[1025]: Your identification has been saved in /etc/ssh/ssh_host_ed25519_key.[[0;32m  OK  [0m] Started D-Bus System Message Bus.

[   14.691848] cloud-init[1025]: Your public key has been saved in /etc/ssh/ssh_host_ed25519_key.pub.
[   14.692555] cloud-init[1025]: The key fingerprint is:
[   14.692980] cloud-init[1025]: SHA256:Yu3FZxAD+OMwhTibHZhRrtxEJFCkcXMDG9zgyW2clmU root@ubuntu-bionic
[   14.694923] cloud-init[1025]: The key's randomart image is:
[   14.695392] cloud-init[1025]: +--[ED25519 256]--+
[   14.696172] cloud-init[1025]: |  o=@@*oE.o      |
[   14.696883] cloud-init[1025]: |   **%=*.  o     |
[   14.697468] cloud-init[1025]: |  . ==X+  .      |
[   14.698822] cloud-init[1025]: |   .o*+.o. .     |
[   14.699643] cloud-init[1025]: |    o ++S.o o    |
[   14.700673] cloud-init[1025]: |     . o.. o     |
[   14.701222] cloud-init[1025]: |        .        |
[   14.701961] cloud-init[1025]: |                 |
[   14.702860] cloud-init[1025]: |                 |
[   14.703448] cloud-init[1025]: +----[SHA256]-----+
[[0;32m  OK  [0m] Started Login Service.
         Starting Accounts Service...
         Starting LSB: Record successful boot for GRUB...
         Starting Snap Daemon...
         Starting LXD - container startup/shutdown...
[[0;32m  OK  [0m] Started Unattended Upgrades Shutdown.
         Starting Virtualbox guest utils...
[[0;32m  OK  [0m] Reached target Login Prompts (Pre).
         Starting Dispatcher daemon for systemd-networkd...
         Starting LSB: automatic crash report generation...
[[0;32m  OK  [0m] Started System Logging Service.
[[0;32m  OK  [0m] Started Availability of block devices.
[[0;32m  OK  [0m] Started Permit User Sessions.
         Starting Hold until boot process finishes up...
         Starting Terminate Plymouth Boot Screen...
[[0;32m  OK  [0m] Started Hold until boot process finishes up.
         Starting Set console scheme...
[[0;32m  OK  [0m] Started Serial Getty on ttyS0.
[[0;32m  OK  [0m] Started Terminate Plymouth Boot Screen.
[[0;32m  OK  [0m] Started LSB: automatic crash report generation.
[[0;32m  OK  [0m] Started Set console scheme.
[[0;32m  OK  [0m] Created slice system-getty.slice.
[[0;32m  OK  [0m] Started Getty on tty1.
[[0;32m  OK  [0m] Reached target Login Prompts.
         Starting Authorization Manager...
[[0;32m  OK  [0m] Started LSB: Record successful boot for GRUB.
[[0;32m  OK  [0m] Started LXD - container startup/shutdown.
[[0;32m  OK  [0m] Started Authorization Manager.
[[0;32m  OK  [0m] Started Accounts Service.
[[0;32m  OK  [0m] Started Virtualbox guest utils.
[[0;32m  OK  [0m] Started Dispatcher daemon for systemd-networkd.
[[0;32m  OK  [0m] Started Snap Daemon.
         Starting Wait until snapd is fully seeded...
         Starting Time & Date Service...
[[0;32m  OK  [0m] Started Time & Date Service.
[[0;32m  OK  [0m] Started Pollinate to seed the pseudo random number generator.
         Starting OpenBSD Secure Shell server...
[[0;32m  OK  [0m] Started OpenBSD Secure Shell server.
[[0;32m  OK  [0m] Created slice User Slice of vagrant.
         Starting User Manager for UID 1000...
[[0;32m  OK  [0m] Started Session 1 of user vagrant.
[[0;32m  OK  [0m] Started User Manager for UID 1000.

Ubuntu 18.04.6 LTS ubuntu-bionic ttyS0

ubuntu-bionic login: [   21.698103] cloud-init[1862]: Cloud-init v. 23.1.2-0ubuntu0~18.04.1 running 'modules:config' at Thu, 26 Oct 2023 03:23:41 +0000. Up 21.45 seconds.
ci-info: no authorized SSH keys fingerprints found for user ubuntu.
<14>Oct 26 03:23:42 cloud-init: #############################################################
<14>Oct 26 03:23:42 cloud-init: -----BEGIN SSH HOST KEY FINGERPRINTS-----
<14>Oct 26 03:23:42 cloud-init: 1024 SHA256:xNrCYBprNoyswCULAupJCHM9iixGoLhFA2r52NPvBX8 root@ubuntu-bionic (DSA)
<14>Oct 26 03:23:42 cloud-init: 256 SHA256:zIrd4zzkVsKofjBHMpoiLG79ufmzy+Jfws2tY3UP4sg root@ubuntu-bionic (ECDSA)
<14>Oct 26 03:23:42 cloud-init: 256 SHA256:Yu3FZxAD+OMwhTibHZhRrtxEJFCkcXMDG9zgyW2clmU root@ubuntu-bionic (ED25519)
<14>Oct 26 03:23:42 cloud-init: 2048 SHA256:qG3TqmXLTSB4gVRHLrxNnW3HM1APpSQ1/ObdsVqV0bE root@ubuntu-bionic (RSA)
<14>Oct 26 03:23:42 cloud-init: -----END SSH HOST KEY FINGERPRINTS-----
<14>Oct 26 03:23:42 cloud-init: #############################################################
-----BEGIN SSH HOST KEY KEYS-----
ecdsa-sha2-nistp256 AAAAE2VjZHNhLXNoYTItbmlzdHAyNTYAAAAIbmlzdHAyNTYAAABBBGy/Whw7zUZLU8UquTf9mxx4EXknewr8E/vF7aMKzAik0ZWhPARMN+Z0858VFHLdDB6+yiboQKWhKCLtK8v5+AA= root@ubuntu-bionic
ssh-ed25519 AAAAC3NzaC1lZDI1NTE5AAAAICDgPcESYV5EmBUCEqPg9VoPZ7LPnoi2mAcXG42FY0ZE root@ubuntu-bionic
ssh-rsa AAAAB3NzaC1yc2EAAAADAQABAAABAQCnt9C2k9mpZAr5uMOTYPdc5PlBEMA23svuzixxtUXhlD51luWPMuZI/lpS5QEz8y+eT61/MfchxlvNaI0HI8d2DW/kYXGbDcywU1Qy4i85+4CigooHmS8Zopc3mE2BL8ouhombs83HdRSV7uBG1DfbXWmi7ZoVDfOxPuSpbnR8N3HCkhbm0rJUWAbxwOvzLO0CkqmFN/v9xBZz9JSwwzK+RoF/aH/oJXxEup38JsifHAHGJE4i9RRx/cFrxmQj+g4YIwQ96WymqftJyRfC9Yq3pKAAqXjRrJqzQ7TQpqd+iVmBjN45IrdMdh/LPe1Zhqh8rdriyubXKoU/BRcHIOux root@ubuntu-bionic
-----END SSH HOST KEY KEYS-----
[   22.140269] cloud-init[1945]: Cloud-init v. 23.1.2-0ubuntu0~18.04.1 running 'modules:final' at Thu, 26 Oct 2023 03:23:41 +0000. Up 22.02 seconds.
[   22.140442] cloud-init[1945]: Cloud-init v. 23.1.2-0ubuntu0~18.04.1 finished at Thu, 26 Oct 2023 03:23:42 +0000. Datasource DataSourceNoCloud [seed=/dev/sdb][dsmode=net].  Up 22.13 seconds
